C51 COMPILER V9.56.0.0   MAIN                                                              05/10/2021 15:32:18 PAGE 1   


C51 COMPILER V9.56.0.0, COMPILATION OF MODULE MAIN
OBJECT MODULE PLACED IN .\Output\main.obj
COMPILER INVOKED BY: D:\Keil_v5\C51\BIN\C51.EXE Code\main.c OMF2 OPTIMIZE(4,SPEED) BROWSE MODC2 INCDIR(..\..\Include) DE
                    -FINE(FOSC_160000) DEBUG PRINT(.\Listings\main.lst) TABS(2) OBJECT(.\Output\main.obj)

line level    source

   1          /**
   2           ****************************************************************************
   3           * @file    main.c
   4           * @author  Cat.chen
   5           * @version V0.1
   6           * @date    2021/03/15
   7           * @brief   C Template file for RX8F103 microcontroller.
   8           ****************************************************************************
   9           *  UNPUBLISHED PROPRIETARY SOURCE CODE
  10           *  Copyright (c) 2021 RaySilicon Inc.
  11           *
  12           *  The contents of this file may not be disclosed to third parties, copied or
  13           *  duplicated in any form, in whole or in part, without the prior written
  14           *  permission of RaySilicon Corporation.
  15           *  RaySilicon Technoledge Corp. 
  16           *  Website: http://www.raySilicon.com
  17           *  E-Mail : catchen@raySilicon.com
  18           *  Date   : Mar/15/2021
  19           ****************************************************************************
  20           **/
  21           
  22          #include "RX8F103.h"
  23          #include "Define.h"
  24          #include "Common.h"
  25          #include "Delay.h"
  26          #include "SFR_Assemble.h"
  27          #include "Function_Assemble.h"
  28          
  29          unsigned char xdata INFORDATA0 _at_ 0x2080;
  30          unsigned char xdata INFORDATA1 _at_ 0x2081;
  31          unsigned char xdata INFORDATA2 _at_ 0x2082;
  32          unsigned char xdata INFORDATA3 _at_ 0x2083;
  33          
  34          /*------------------------------------------------
  35          The main C function.  Program execution starts
  36          here after stack initialization.
  37          ------------------------------------------------*/
  38          
  39          
  40          void main(void)
  41          {
  42   1        Set_All_GPIO_Default_IO_Mode; //IO 初始化
  43   1        set_RSTPORTEN;
  44   1        InitialUART1(9600);
  45   1        EUart1_SendString("Hello Raysilicon!\r\n");
  46   1      
  47   1        EUart1_SendString("RX8F103 IAP Measure Test "__DATE__"----"__TIME__"\r\n");
  48   1        EUart1_SendString("Infor Read DATA: ");
  49   1        EUart1_SendString("0x");
  50   1        putHEX(INFORDATA0);
  51   1        EUart1_SendString(",0x");
  52   1        putHEX(INFORDATA1);
  53   1        EUart1_SendString(",0x");
  54   1        putHEX(INFORDATA2);
C51 COMPILER V9.56.0.0   MAIN                                                              05/10/2021 15:32:18 PAGE 2   

  55   1        EUart1_SendString(",0x");
  56   1        putHEX(INFORDATA3);
  57   1        EUart1_SendString("\r\n");
  58   1        
  59   1        for(;;)
  60   1        {
  61   2          ;
  62   2        }
  63   1      }
  64          


MODULE INFORMATION:   STATIC OVERLAYABLE
   CODE SIZE        =    144    ----
   CONSTANT SIZE    =     99    ----
   XDATA SIZE       =   ----    ----
   PDATA SIZE       =   ----    ----
   DATA SIZE        =   ----    ----
   IDATA SIZE       =   ----    ----
   BIT SIZE         =   ----    ----
   EDATA SIZE       =   ----    ----
   HDATA SIZE       =   ----    ----
   XDATA CONST SIZE =   ----    ----
   FAR CONST SIZE   =   ----    ----
END OF MODULE INFORMATION.


C51 COMPILATION COMPLETE.  0 WARNING(S),  0 ERROR(S)
