C51 COMPILER V9.56.0.0   MAIN                                                              09/07/2021 16:30:45 PAGE 1   


C51 COMPILER V9.56.0.0, COMPILATION OF MODULE MAIN
OBJECT MODULE PLACED IN .\Output\main.obj
COMPILER INVOKED BY: D:\Keil_v5\C51\BIN\C51.EXE Code\main.c OMF2 OPTIMIZE(4,SPEED) BROWSE MODC2 INCDIR(..\..\Include) DE
                    -FINE(FOSC_160000) DEBUG PRINT(.\Listings\main.lst) TABS(2) OBJECT(.\Output\main.obj)

line level    source

   1          /**
   2           ****************************************************************************
   3           * @file    main.c
   4           * @author  Cat.chen
   5           * @version V0.1
   6           * @date    2021/03/15
   7           * @brief   C Template file for RX8F103 microcontroller.
   8           ****************************************************************************
   9           *  UNPUBLISHED PROPRIETARY SOURCE CODE
  10           *  Copyright (c) 2021 RaySilicon Inc.
  11           *
  12           *  The contents of this file may not be disclosed to third parties, copied or
  13           *  duplicated in any form, in whole or in part, without the prior written
  14           *  permission of RaySilicon Corporation.
  15           *  RaySilicon Technoledge Corp. 
  16           *  Website: http://www.raySilicon.com
  17           *  E-Mail : catchen@raySilicon.com
  18           *  Date   : Mar/15/2021
  19           ****************************************************************************
  20           **/
  21           
  22          #include "RX8F103.h"
  23          #include "Define.h"
  24          #include "Common.h"
  25          #include "Delay.h"
  26          #include "SFR_Assemble.h"
  27          #include "Function_Assemble.h"
  28          
  29          /*------------------------------------------------
  30          The main C function.  Program execution starts
  31          here after stack initialization.
  32          ------------------------------------------------*/
  33          enum STATUS
  34          {
  35              WAIT_STATUS = 0,
  36              RECIVE0_STATUS,
  37              RECIVE1_STATUS,
  38          }ReciveStatus;
  39          
  40          //#define WAIT_STATUS     0
  41          //#define RECIVE0_STATUS  1
  42          //#define RECIVE1_STATUS  2
  43          //#define RECIVE2_STATUS  3
  44          
  45          u8 Dat0[3] = {0,0,0}; 
  46          u8 Dat1[3] = {0,0,0}; 
  47          
  48          u8 ReciveValue,rcvstatus;
  49          bit ReciveBit;
  50          void main(void)
  51          {
  52   1        Set_All_GPIO_Default_IO_Mode;
  53   1        CLKDIV = 0x02;                //设置系统时钟4分频，Fsys = 4MHz
  54   1        set_RSTPORTEN;                //使能复位端口
C51 COMPILER V9.56.0.0   MAIN                                                              09/07/2021 16:30:45 PAGE 2   

  55   1        InitialUART0(9600); 
  56   1        InitialUART1(9600);
  57   1        EUart1_SendString("MON51 Test\r\n");
  58   1        P10_Input_Pullup_Mode;        //设置为上拉输入
  59   1        set_P1IEN0;                   //开启外部中断
  60   1        set_EA; 
  61   1        ReciveStatus = WAIT_STATUS;
  62   1        for(;;)
  63   1        {
  64   2          if(ReciveBit)
  65   2          {
  66   3            ReciveBit = 0;
  67   3            switch(ReciveStatus)
  68   3            {
  69   4              case WAIT_STATUS:
  70   4              {
  71   5                Dat0[0] = ReciveValue;
  72   5                ReciveStatus = RECIVE0_STATUS;
  73   5              }break;
  74   4              
  75   4              case RECIVE0_STATUS:
  76   4              {
  77   5                Dat0[1] = ReciveValue;
  78   5                ReciveStatus = RECIVE1_STATUS;    
  79   5              }break;
  80   4              
  81   4              case RECIVE1_STATUS:
  82   4              {
  83   5                Dat0[2] = ReciveValue;
  84   5                ReciveStatus = WAIT_STATUS;
  85   5                EUart1_SendReg(Dat0[0]);
  86   5                EUart1_SendReg(Dat0[1]);
  87   5                EUart1_SendReg(Dat0[2]);
  88   5              }break;
  89   4              
  90   4              default:
  91   4              {
  92   5                ;
  93   5              }break;
  94   4            }
  95   3          }
  96   2        }
  97   1      }
  98          
  99          void HAL_UART0_ISR(void) interrupt EUART0_VECTOR //using 4
 100          {
 101   1        if(S0CON & RI0)                     //接收中断
 102   1        {
 103   2          ReciveValue =S0BUF;               //读取接收到的数据
 104   2          ReciveBit = 1;
 105   2        }
 106   1        RI0 = 0;                            //清中断标志位
 107   1      }
 108          
 109          void HAL_GPIO_ISR(void) interrupt EEXT0_VECTOR //using 0
 110          {
 111   1        if (P1IRQ & 0x01)
 112   1        {
 113   2          EUart1_SendOneChar(0xFF);
 114   2          EUart1_SendOneChar(0xF7);
 115   2          EUart1_SendOneChar(0xEF);
 116   2          EUart1_SendOneChar(0xE7);
C51 COMPILER V9.56.0.0   MAIN                                                              09/07/2021 16:30:45 PAGE 3   

 117   2          EUart1_SendOneChar(0xDF);
 118   2          EUart1_SendOneChar(0xD7);
 119   2          EUart1_SendOneChar(0xCF);
 120   2          EUart1_SendOneChar(0xC7);
 121   2          EUart1_SendOneChar(0xBF);
 122   2          EUart1_SendOneChar(0xB7);
 123   2          EUart1_SendOneChar(0xAF);
 124   2          EUart1_SendOneChar(0xA7);
 125   2          EUart1_SendOneChar(0x9F);
 126   2          EUart1_SendOneChar(0x97);
 127   2        }
 128   1        set_PORTIRQCLREN;
 129   1        P1IRQ = 0x00;
 130   1        clr_PORTIRQCLREN;
 131   1      }


MODULE INFORMATION:   STATIC OVERLAYABLE
   CODE SIZE        =    306    ----
   CONSTANT SIZE    =     13    ----
   XDATA SIZE       =   ----    ----
   PDATA SIZE       =   ----    ----
   DATA SIZE        =      9    ----
   IDATA SIZE       =   ----    ----
   BIT SIZE         =      1    ----
   EDATA SIZE       =   ----    ----
   HDATA SIZE       =   ----    ----
   XDATA CONST SIZE =   ----    ----
   FAR CONST SIZE   =   ----    ----
END OF MODULE INFORMATION.


C51 COMPILATION COMPLETE.  0 WARNING(S),  0 ERROR(S)
