C51 COMPILER V9.56.0.0   MAIN                                                              04/14/2021 23:06:11 PAGE 1   


C51 COMPILER V9.56.0.0, COMPILATION OF MODULE MAIN
OBJECT MODULE PLACED IN .\Output\main.obj
COMPILER INVOKED BY: D:\Keil_v5\C51\BIN\C51.EXE Code\main.c OMF2 OPTIMIZE(4,SPEED) BROWSE MODC2 INCDIR(..\..\Include) DE
                    -FINE(FOSC_160000) DEBUG PRINT(.\Listings\main.lst) TABS(2) OBJECT(.\Output\main.obj)

line level    source

   1          /**
   2           ****************************************************************************
   3           * @file    main.c
   4           * @author  Cat.chen
   5           * @version V0.1
   6           * @date    2021/03/15
   7           * @brief   C Template file for RX8F103 microcontroller.
   8           ****************************************************************************
   9           *  UNPUBLISHED PROPRIETARY SOURCE CODE
  10           *  Copyright (c) 2021 RaySilicon Inc.
  11           *
  12           *  The contents of this file may not be disclosed to third parties, copied or
  13           *  duplicated in any form, in whole or in part, without the prior written
  14           *  permission of RaySilicon Corporation.
  15           *  RaySilicon Technoledge Corp. 
  16           *  Website: http://www.raySilicon.com
  17           *  E-Mail : catchen@raySilicon.com
  18           *  Date   : Mar/15/2021
  19           ****************************************************************************
  20           **/
  21           
  22          #include "RX8F103.h"
  23          #include "Define.h"
  24          #include "Common.h"
  25          #include "Delay.h"
  26          #include "SFR_Assemble.h"
  27          #include "Function_Assemble.h"
  28          
  29          //========================================================================
  30          //  The test process:
  31          //  1. Power on is run as default HRC, show LED Fsys tickle faster
  32          //  2. toggle P1.0 to GND.
  33          //  2. call modify Fsys code to LRC.
  34          //  3. LED tickle speed slowly than before.
  35          //========================================================================
  36          
  37          void main(void)
  38          {
  39   1      /* Note
  40   1        MCU power on system clock is HRC (16 MHz)
  41   1        Please keep P1.0 HIGH before you want to modify Fsys to LIRC
  42   1      */
  43   1      
  44   1        Set_All_GPIO_Default_IO_Mode; //IO 初始化
  45   1        set_RSTPORTEN;                //使能复位IO功能
  46   1        P00_PushPull_Mode;            //设置P00口为输出功能
  47   1        set_BEEPPORTEN;               //System Clock Fsy/2 Output Enable
  48   1      //Please measure P0.3 (BEEP) pin for system clock output, it should as system clock;
  49   1      
  50   1        while (P1_0)                                // when P1.0 keep high, clock out HRC
  51   1        {   
  52   2            clr_GPIO1;                              // Check LED output tickle time
  53   2            Timer0_Delay1ms(200);
  54   2            set_GPIO1;
C51 COMPILER V9.56.0.0   MAIN                                                              04/14/2021 23:06:11 PAGE 2   

  55   2            Timer0_Delay1ms(200);
  56   2        }
  57   1      
  58   1        clr_BEEPPORTEN;   //Disable Beepporten
  59   1        clr_SYSCLK_SEL;   //Select ILRC for system clock
  60   1        set_BEEPPORTEN;   //Enable Beepporten
  61   1        
  62   1        while(1)
  63   1        {
  64   2            set_P00;
  65   2            Timer1_Delay1ms(300);       
  66   2            clr_P00;
  67   2            Timer1_Delay1ms(300);
  68   2        }
  69   1      }
  70          


MODULE INFORMATION:   STATIC OVERLAYABLE
   CODE SIZE        =    100    ----
   CONSTANT SIZE    =   ----    ----
   XDATA SIZE       =   ----    ----
   PDATA SIZE       =   ----    ----
   DATA SIZE        =   ----    ----
   IDATA SIZE       =   ----    ----
   BIT SIZE         =   ----    ----
   EDATA SIZE       =   ----    ----
   HDATA SIZE       =   ----    ----
   XDATA CONST SIZE =   ----    ----
   FAR CONST SIZE   =   ----    ----
END OF MODULE INFORMATION.


C51 COMPILATION COMPLETE.  0 WARNING(S),  0 ERROR(S)
