C51 COMPILER V9.56.0.0   MAIN                                                              04/13/2021 09:08:39 PAGE 1   


C51 COMPILER V9.56.0.0, COMPILATION OF MODULE MAIN
OBJECT MODULE PLACED IN .\Output\main.obj
COMPILER INVOKED BY: D:\Keil_v5\C51\BIN\C51.EXE Code\main.c OMF2 OPTIMIZE(4,SPEED) BROWSE MODC2 INCDIR(..\..\Include) DE
                    -FINE(FOSC_160000) DEBUG PRINT(.\Listings\main.lst) TABS(2) OBJECT(.\Output\main.obj)

line level    source

   1          /**
   2           ****************************************************************************
   3           * @file    main.c
   4           * @author  Cat.chen
   5           * @version V0.1
   6           * @date    2021/03/15
   7           * @brief   C Template file for RX8F103 microcontroller.
   8           ****************************************************************************
   9           *  UNPUBLISHED PROPRIETARY SOURCE CODE
  10           *  Copyright (c) 2021 RaySilicon Inc.
  11           *
  12           *  The contents of this file may not be disclosed to third parties, copied or
  13           *  duplicated in any form, in whole or in part, without the prior written
  14           *  permission of RaySilicon Corporation.
  15           *  RaySilicon Technoledge Corp. 
  16           *  Website: http://www.raySilicon.com
  17           *  E-Mail : catchen@raySilicon.com
  18           *  Date   : Mar/15/2021
  19           ****************************************************************************
  20           **/
  21           
  22          #include "RX8F103.h"
  23          #include "Define.h"
  24          #include "Common.h"
  25          #include "Delay.h"
  26          #include "SFR_Assemble.h"
  27          #include "Function_Assemble.h"
  28          
  29          void main(void)
  30          {
  31   1      /* Note
  32   1        MCU power on system clock is HRC (16.0000MHz), if need change Fsys source pleaes View CLKCON register.
  33   1      */
  34   1      
  35   1        Set_All_GPIO_Default_IO_Mode; //IO 初始化
  36   1        set_RSTPORTEN;                //使能复位IO功能
  37   1        P00_PushPull_Mode;            //设置P00口为输出功能
  38   1        set_BEEPPORTEN;               //System Clock Fsy/2 Output Enable
  39   1      //Please measure P0.3 (BEEP) pin for system clock output, it should as system clock;
  40   1      
  41   1        while(1)
  42   1        {
  43   2            set_P00;
  44   2            Timer1_Delay1ms(300);       
  45   2            clr_P00;
  46   2            Timer1_Delay1ms(300);
  47   2        }
  48   1      }
  49          


MODULE INFORMATION:   STATIC OVERLAYABLE
   CODE SIZE        =     62    ----
   CONSTANT SIZE    =   ----    ----
C51 COMPILER V9.56.0.0   MAIN                                                              04/13/2021 09:08:39 PAGE 2   

   XDATA SIZE       =   ----    ----
   PDATA SIZE       =   ----    ----
   DATA SIZE        =   ----    ----
   IDATA SIZE       =   ----    ----
   BIT SIZE         =   ----    ----
   EDATA SIZE       =   ----    ----
   HDATA SIZE       =   ----    ----
   XDATA CONST SIZE =   ----    ----
   FAR CONST SIZE   =   ----    ----
END OF MODULE INFORMATION.


C51 COMPILATION COMPLETE.  0 WARNING(S),  0 ERROR(S)
