C51 COMPILER V9.56.0.0   MAIN                                                              06/20/2021 20:28:31 PAGE 1   


C51 COMPILER V9.56.0.0, COMPILATION OF MODULE MAIN
OBJECT MODULE PLACED IN .\Output\main.obj
COMPILER INVOKED BY: D:\Keil_v5\C51\BIN\C51.EXE Code\main.c OMF2 OPTIMIZE(4,SPEED) BROWSE MODC2 INCDIR(..\..\Include) DE
                    -FINE(FOSC_160000) DEBUG PRINT(.\Listings\main.lst) TABS(2) OBJECT(.\Output\main.obj)

line level    source

   1          /**
   2           ****************************************************************************
   3           * @file    main.c
   4           * @author  Cat.chen
   5           * @version V0.1
   6           * @date    2021/03/15
   7           * @brief   C Template file for RX8F103 microcontroller.
   8           ****************************************************************************
   9           *  UNPUBLISHED PROPRIETARY SOURCE CODE
  10           *  Copyright (c) 2021 RaySilicon Inc.
  11           *
  12           *  The contents of this file may not be disclosed to third parties, copied or
  13           *  duplicated in any form, in whole or in part, without the prior written
  14           *  permission of RaySilicon Corporation.
  15           *  RaySilicon Technoledge Corp. 
  16           *  Website: http://www.raySilicon.com
  17           *  E-Mail : catchen@raySilicon.com
  18           *  Date   : Mar/15/2021
  19           ****************************************************************************
  20           **/
  21           
  22          #include "RX8F103.h"
  23          #include "Define.h"
  24          #include "Common.h"
  25          #include "Delay.h"
  26          #include "SFR_Assemble.h"
  27          #include "Function_Assemble.h"
  28          
  29          /*------------------------------------------------
  30          The main C function.  Program execution starts
  31          here after stack initialization.
  32          ------------------------------------------------*/
  33          
  34          void main(void)
  35          {
  36   1        Set_All_GPIO_Default_IO_Mode; //IO 初始化
  37   1        set_RSTPORTEN;                //使能复位IO功能
  38   1        Enable_ADC_AIN0;              //设置输入口
  39   1        SET_ADC_12BIT_MODE;           //设置模式
  40   1        SET_ADC_Vref_2V;              //设置参考电压
  41   1        ADC_Time_256Fsys;             //设置采样时间
  42   1        ADC_Sample_Hold_Time_260ADCLK;//设置采样保持时间
  43   1        set_ADCEN;                    //ADC使能
  44   1        ADC_RUN;                      //ADC运行
  45   1        clr_ADCIF;                    //清ADC中断标志位
  46   1        set_EADC;                     //使能ADC中断
  47   1        
  48   1        InitialUART1(9600);
  49   1        EUart1_SendString("Hello Raysilicon!\r\n");
  50   1        set_EA;                       //使能总中断
  51   1        
  52   1        for(;;)
  53   1        {
  54   2      
C51 COMPILER V9.56.0.0   MAIN                                                              06/20/2021 20:28:31 PAGE 2   

  55   2        }
  56   1      }
  57          
  58          void ADCISR(void) interrupt EADC_VECTOR //using 2
  59          {
  60   1        clr_ADCIF;                    //清ADC中断标志位
  61   1      //  ADCON1 &=0xDF;                //关闭ADC功能
  62   1        EUart1_SendOneChar(0xAA);
  63   1        EUart1_SendOneChar(ADDH);
  64   1        EUart1_SendOneChar(ADDL);
  65   1        EUart1_SendOneChar(0xEE);
  66   1      }


MODULE INFORMATION:   STATIC OVERLAYABLE
   CODE SIZE        =    170    ----
   CONSTANT SIZE    =     20    ----
   XDATA SIZE       =   ----    ----
   PDATA SIZE       =   ----    ----
   DATA SIZE        =   ----    ----
   IDATA SIZE       =   ----    ----
   BIT SIZE         =   ----    ----
   EDATA SIZE       =   ----    ----
   HDATA SIZE       =   ----    ----
   XDATA CONST SIZE =   ----    ----
   FAR CONST SIZE   =   ----    ----
END OF MODULE INFORMATION.


C51 COMPILATION COMPLETE.  0 WARNING(S),  0 ERROR(S)
