C51 COMPILER V9.56.0.0   COMMON                                                            05/12/2021 09:58:54 PAGE 1   


C51 COMPILER V9.56.0.0, COMPILATION OF MODULE COMMON
OBJECT MODULE PLACED IN .\Output\Common.obj
COMPILER INVOKED BY: D:\Keil_v5\C51\BIN\C51.EXE ..\..\Common\Common.c OMF2 OPTIMIZE(4,SPEED) BROWSE MODC2 INCDIR(..\..\I
                    -nclude) DEFINE(FOSC_160000) DEBUG PRINT(.\Listings\Common.lst) TABS(2) OBJECT(.\Output\Common.obj)

line level    source

   1          /**
   2           ****************************************************************************
   3           * @file    Common.c
   4           * @author  Cat.chen
   5           * @version V0.1
   6           * @date    2021/03/15
   7           * @brief   C Template file for RX8F103 microcontroller.
   8           ****************************************************************************
   9           *  UNPUBLISHED PROPRIETARY SOURCE CODE
  10           *  Copyright (c) 2021 RaySilicon Inc.
  11           *
  12           *  The contents of this file may not be disclosed to third parties, copied or
  13           *  duplicated in any form, in whole or in part, without the prior written
  14           *  permission of RaySilicon Corporation.
  15           *  RaySilicon Technoledge Corp. 
  16           *  Website: http://www.raySilicon.com
  17           *  E-Mail : catchen@raySilicon.com
  18           *  Date   : Mar/15/2021
  19           ****************************************************************************
  20           **/
  21          
  22          #include <stdio.h>
  23          #include "RX8F103.h"
  24          #include "Define.h"
  25          #include "Common.h"
  26          #include "Delay.h"
  27          #include "SFR_Assemble.h"
  28          #include "Function_Assemble.h"
  29          
  30          //----------------------------------------------------------------------------------
  31          // use timer1 as Baudrate generator, Maxmum Baudrate can ???? bps @ 16MHZ
  32          //----------------------------------------------------------------------------------
  33          void InitialUART0(u32 u32Baudrate)
  34          {
  35   1        set_UART0PORTEN;  //串口0端口使能
  36   1        S0CON = 0x50;     //SCON: Mode 1, 8-bit UART, Enable Rcvr
  37   1        S0RELL = LOBYTE(1024 - (baudrat_clk/u32Baudrate));    //Baud rate  = SYSCK/(16×(1024-S1REL))  SYSCK跟CLKDI
             -V寄存器有关
  38   1        S0RELH = HIBYTE(1024 - (baudrat_clk/u32Baudrate));    //S1RELH + S1RELL  构成波特率设置S1REL[9:0] 波特率：1
             -15200
  39   1      
  40   1        set_ES0;          //允许串口中断位
  41   1      }
  42          
  43          u8 Receive_Data_From_UART0(void)
  44          {
  45   1          u8 c;  
  46   1          while (!RI0);
  47   1          c = S0BUF;
  48   1          RI0 = 0;
  49   1          return (c);
  50   1      }
  51          
  52          void Send_Data_To_UART0 (u8 c)
C51 COMPILER V9.56.0.0   COMMON                                                            05/12/2021 09:58:54 PAGE 2   

  53          {
  54   1          TI0 = 0;
  55   1          S0BUF = c;
  56   1          while(TI0==0);
  57   1      }
  58          
  59          //从串口0发送一个字符
  60          void EUart0_SendOneChar(u8 c)
  61          {
  62   1        clr_ES0;      //发送数据时关串口中断
  63   1        clr_TI0;      //清TI位
  64   1        S0BUF = c;    //将待发送字符放入串口数据缓冲寄存器，并开始传输。
  65   1        while(!TI0);  //等待传送结束。当字符发送结束后由硬件置位请求中断，
  66   1                      //此时while循环结束，而串口中断处理函数需等到ES重新置1后才可能响应。
  67   1        clr_TI0;      //软件清TI位，亦可在中断处理函数中清0
  68   1        set_ES0;      //开串口中断
  69   1      }
  70          
  71          void EUart0_SendString(u8 *st)
  72          {
  73   1        while(*st)
  74   1        {
  75   2          EUart0_SendOneChar(*st++);
  76   2        }
  77   1      }
  78          
  79          
  80          //---------------------------------------------------------------
  81          void InitialUART1(u32 u32Baudrate) //use timer3 as Baudrate generator
  82          {
  83   1        set_UART1PORTEN;        //串口1端口使能
  84   1        S1CON |= (S1M0+REN1);   //SCON: Mode 1, 8-bit UART, Enable Rcvr
  85   1        S1RELL = LOBYTE(1024 - (baudrat_clk/u32Baudrate));    //Baud rate  = SYSCK/(16×(1024-S1REL))  SYSCK跟CLKDI
             -V寄存器有关
  86   1        S1RELH = HIBYTE(1024 - (baudrat_clk/u32Baudrate));    //S1RELH + S1RELL  构成波特率设置S1REL[9:0] 波特率：1
             -15200
  87   1        set_ES1;                //允许串口1中断位
  88   1      }
  89          
  90          u8 Receive_Data_From_UART1(void)
  91          {
  92   1          u8 c;
  93   1          while (S1CON & RI1);
  94   1          c = S1BUF;
  95   1          clr_RI1;
  96   1          return (c);
  97   1      }
  98          
  99          void Send_Data_To_UART1 (u8 c)
 100          {
 101   1        S1CON&=~TI1;          //清TI位
 102   1        S1BUF = c;            //将待发送字符放入串口数据缓冲寄存器，并开始传输。
 103   1        while(!(S1CON&TI1));  //等待传送结束。当字符发送结束后由硬件置位请求中断，
 104   1                              //此时while循环结束，而串口中断处理函数需等到ES重新置1后才可能响应。
 105   1      }
 106          
 107          //从串口1发送一个字符
 108          void EUart1_SendOneChar(u8 c)
 109          {
 110   1        clr_ES1;              //发送数据时关串口中断
 111   1        clr_TI1;              //清TI位
 112   1        S1BUF = c;            //将待发送字符放入串口数据缓冲寄存器，并开始传输。
C51 COMPILER V9.56.0.0   COMMON                                                            05/12/2021 09:58:54 PAGE 3   

 113   1        while(!(S1CON&TI1));  //等待传送结束。当字符发送结束后由硬件置位请求中断，
 114   1                              //此时while循环结束，而串口中断处理函数需等到ES重新置1后才可能响应。
 115   1        clr_TI1;              //软件清TI位，亦可在中断处理函数中清0
 116   1        set_ES1;              //开串口中断
 117   1      }
 118          
 119          //向串口1发送字符串
 120          void EUart1_SendString(u8 *st)
 121          {
 122   1        while(*st)
 123   1        {
 124   2          EUart1_SendOneChar(*st++);
 125   2        }
 126   1      }
 127          
 128          unsigned char HexToChar(unsigned char temp)
 129          {
 130   1        unsigned char dst;
 131   1        if (temp < 10)
 132   1        {
 133   2          dst = temp + '0';
 134   2        }
 135   1        else
 136   1        {
 137   2          dst = temp -10 +'A';
 138   2        }
 139   1        return dst;
 140   1      }
 141          
 142          void putHEX(unsigned char HEXValue)
 143          {
 144   1        EUart1_SendOneChar(HexToChar(HEXValue >> 4));
 145   1        EUart1_SendOneChar(HexToChar(HEXValue & 0x0F));
 146   1      }
 147          
 148          void EUart1_SendReg(u8 testreg)
 149          {
 150   1          EUart1_SendString("testreg"); 
 151   1          EUart1_SendString("=0X");
 152   1          putHEX(testreg);
 153   1          EUart1_SendString("\r\n");
 154   1      }
 155          
 156          
 157          /*==========================================================================*/
 158          #ifdef SW_Reset
              void SW_Reset(void)
              {
              //    TA = 0xAA;
              //    TA = 0x55;
              //    set_SWRST;
              }
              #endif
 166          /*==========================================================================*/


MODULE INFORMATION:   STATIC OVERLAYABLE
   CODE SIZE        =    406    ----
   CONSTANT SIZE    =     15    ----
   XDATA SIZE       =   ----    ----
   PDATA SIZE       =   ----    ----
   DATA SIZE        =   ----      14
C51 COMPILER V9.56.0.0   COMMON                                                            05/12/2021 09:58:54 PAGE 4   

   IDATA SIZE       =   ----    ----
   BIT SIZE         =   ----    ----
   EDATA SIZE       =   ----    ----
   HDATA SIZE       =   ----    ----
   XDATA CONST SIZE =   ----    ----
   FAR CONST SIZE   =   ----    ----
END OF MODULE INFORMATION.


C51 COMPILATION COMPLETE.  0 WARNING(S),  0 ERROR(S)
