C51 COMPILER V9.56.0.0   DELAY                                                             06/05/2021 17:28:18 PAGE 1   


C51 COMPILER V9.56.0.0, COMPILATION OF MODULE DELAY
OBJECT MODULE PLACED IN .\Output\Delay.obj
COMPILER INVOKED BY: D:\Keil_v5\C51\BIN\C51.EXE ..\..\Common\Delay.c OMF2 OPTIMIZE(4,SPEED) BROWSE MODC2 INCDIR(..\..\In
                    -clude) DEFINE(FOSC_160000) DEBUG PRINT(.\Listings\Delay.lst) TABS(2) OBJECT(.\Output\Delay.obj)

line level    source

   1          /**
   2           ****************************************************************************
   3           * @file    Delay.c
   4           * @author  Cat.chen
   5           * @version V0.1
   6           * @date    2021/03/15
   7           * @brief   C Template file for RX8F103 microcontroller.
   8           ****************************************************************************
   9           *  UNPUBLISHED PROPRIETARY SOURCE CODE
  10           *  Copyright (c) 2021 RaySilicon Inc.
  11           *
  12           *  The contents of this file may not be disclosed to third parties, copied or
  13           *  duplicated in any form, in whole or in part, without the prior written
  14           *  permission of RaySilicon Corporation.
  15           *  RaySilicon Technoledge Corp. 
  16           *  Website: http://www.raySilicon.com
  17           *  E-Mail : catchen@raySilicon.com
  18           *  Date   : Mar/15/2021
  19           ****************************************************************************
  20           **/
  21           
  22          #include "RX8F103.h"
  23          #include "Define.h"
  24          #include "Common.h"
  25          #include "Delay.h"
  26          #include "SFR_Assemble.h"
  27          #include "Function_Assemble.h"
  28          
  29          //-------------------------------------------------------------------------
  30          void Delay10us(UINT16 u16CNT)
  31          {
  32   1          clr_T0CLKS;                             //T0CLKS=0, Timer0 Clock = Fsys
  33   1          set_T0PS0;                              //Timer0 Clock = Fsys/8
  34   1          set_TR0;                                //Trigger Timer0
  35   1          while (u16CNT != 0)
  36   1          {
  37   2              TL0 = LOBYTE(TIMER_DIV8_VALUE_10us);   
  38   2              TH0 = HIBYTE(TIMER_DIV8_VALUE_10us);
  39   2              while (TF0 != 1);                   //Check Timer0 Time-Out Flag
  40   2              clr_TF0;
  41   2              u16CNT --;
  42   2          }
  43   1          clr_TR0;                                //Stop the Timer0
  44   1      }
  45          //------------------------------------------------------------------------------
  46          void Timer0_Delay1ms(UINT32 u32CNT)
  47          {
  48   1          clr_T0CLKS;                             //T0CLKS=0, Timer0 Clock = Fsys
  49   1          set_T0PS0;                              //Timer0 Clock = Fsys/8
  50   1          set_TR0;                                //Trigger Timer0
  51   1          while (u32CNT != 0)
  52   1          {
  53   2              TL0 = LOBYTE(TIMER_DIV8_VALUE_1ms); 
  54   2              TH0 = HIBYTE(TIMER_DIV8_VALUE_1ms);
C51 COMPILER V9.56.0.0   DELAY                                                             06/05/2021 17:28:18 PAGE 2   

  55   2              while (TF0 != 1);                   //Check Timer0 Time-Out Flag
  56   2              clr_TF0;
  57   2              u32CNT --;
  58   2          }
  59   1          clr_TR0;                                //Stop the Timer0
  60   1      }
  61          //------------------------------------------------------------------------------
  62          void Timer1_Delay1ms(UINT32 u32CNT)
  63          {
  64   1          clr_T1CLKS;                             //T1CLKS=0, Timer0 Clock = Fsys
  65   1          set_T1PS0;                              //Timer0 Clock = Fsys/8
  66   1          set_TR1;                                //Trigger Timer1
  67   1          while (u32CNT != 0)
  68   1          {
  69   2              TL1 = LOBYTE(TIMER_DIV8_VALUE_1ms); 
  70   2              TH1 = HIBYTE(TIMER_DIV8_VALUE_1ms);
  71   2              while (TF1 != 1);                   //Check Timer1 Time-Out Flag
  72   2              clr_TF1;
  73   2              u32CNT --;
  74   2          }
  75   1          clr_TR1;                                //Stop the Timer1
  76   1      }
  77          
  78          void delay_ms(unsigned int n)
  79          {
  80   1          unsigned int i=0,j=0;
  81   1          for(i=0;i<n;i++)
  82   1              for(j=0;j<4096;j++);
  83   1      }


MODULE INFORMATION:   STATIC OVERLAYABLE
   CODE SIZE        =    216    ----
   CONSTANT SIZE    =   ----    ----
   XDATA SIZE       =   ----    ----
   PDATA SIZE       =   ----    ----
   DATA SIZE        =   ----       8
   IDATA SIZE       =   ----    ----
   BIT SIZE         =   ----    ----
   EDATA SIZE       =   ----    ----
   HDATA SIZE       =   ----    ----
   XDATA CONST SIZE =   ----    ----
   FAR CONST SIZE   =   ----    ----
END OF MODULE INFORMATION.


C51 COMPILATION COMPLETE.  0 WARNING(S),  0 ERROR(S)
