C51 COMPILER V9.56.0.0   MAIN                                                              06/05/2021 17:28:18 PAGE 1   


C51 COMPILER V9.56.0.0, COMPILATION OF MODULE MAIN
OBJECT MODULE PLACED IN .\Output\main.obj
COMPILER INVOKED BY: D:\Keil_v5\C51\BIN\C51.EXE Code\main.c OMF2 OPTIMIZE(4,SPEED) BROWSE MODC2 INCDIR(..\..\Include) DE
                    -FINE(FOSC_160000) DEBUG PRINT(.\Listings\main.lst) TABS(2) OBJECT(.\Output\main.obj)

line level    source

   1          /**
   2           ****************************************************************************
   3           * @file    main.c
   4           * @author  Cat.chen
   5           * @version V0.1
   6           * @date    2021/03/15
   7           * @brief   C Template file for RX8F103 microcontroller.
   8           ****************************************************************************
   9           *  UNPUBLISHED PROPRIETARY SOURCE CODE
  10           *  Copyright (c) 2021 RaySilicon Inc.
  11           *
  12           *  The contents of this file may not be disclosed to third parties, copied or
  13           *  duplicated in any form, in whole or in part, without the prior written
  14           *  permission of RaySilicon Corporation.
  15           *  RaySilicon Technoledge Corp. 
  16           *  Website: http://www.raySilicon.com
  17           *  E-Mail : catchen@raySilicon.com
  18           *  Date   : Mar/15/2021
  19           ****************************************************************************
  20           **/
  21           
  22          #include "RX8F103.h"
  23          #include "Define.h"
  24          #include "Common.h"
  25          #include "Delay.h"
  26          #include "SFR_Assemble.h"
  27          #include "Function_Assemble.h"
  28          
  29          //*****************  The Following is in define in Function_Assemble.h  ***************************
  30          //****** Always include Function_Assemble.h call the define you want, detail see main(void) *******
  31          //***********************************************************************************************
  32          
  33          /*------------------------------------------------
  34          The main C function.  Program execution starts
  35          here after stack initialization.
  36          ------------------------------------------------*/
  37          
  38          void main(void)
  39          {
  40   1        u8 i;
  41   1        Set_All_GPIO_Default_IO_Mode;
  42   1        set_RSTPORTEN;                //使能复位IO功能
  43   1        InitialUART1(9600);
  44   1        EUart1_SendString("Hello Raysilicon!\r\n");
  45   1        
  46   1        for(i=0;i<250;i++)
  47   1        {
  48   2            IAPUserReadData(0x1C,0x00);
  49   2      //      IAPUserEraseData(0x1C,0x00);
  50   2            WRITE_EEPROM(EEPROM1,i);
  51   2            IAPUserReadData(0x1C,0x00);
  52   2        }
  53   1        IAPUserEraseData(0x1C,0x00);
  54   1        
C51 COMPILER V9.56.0.0   MAIN                                                              06/05/2021 17:28:18 PAGE 2   

  55   1      //  WRITE_EEPROM(EEPROM1,33);
  56   1      //  IAPUserReadData(0x1C,0x00);
  57   1      
  58   1        for(;;)
  59   1        {
  60   2          
  61   2        }
  62   1      }


MODULE INFORMATION:   STATIC OVERLAYABLE
   CODE SIZE        =     78    ----
   CONSTANT SIZE    =     20    ----
   XDATA SIZE       =   ----    ----
   PDATA SIZE       =   ----    ----
   DATA SIZE        =   ----       1
   IDATA SIZE       =   ----    ----
   BIT SIZE         =   ----    ----
   EDATA SIZE       =   ----    ----
   HDATA SIZE       =   ----    ----
   XDATA CONST SIZE =   ----    ----
   FAR CONST SIZE   =   ----    ----
END OF MODULE INFORMATION.


C51 COMPILATION COMPLETE.  0 WARNING(S),  0 ERROR(S)
